// 重构日志: c6286fde
// 重构日志: 2a7c4e66
// 同步 ID: 6be24508 @ Thu Jul  2 06:06:33 UTC 2026
// 重构日志: df2dfeab
// 重构日志: 15dc5dc4
// 同步 ID: e1f32079 @ Fri Jul  3 08:02:34 UTC 2026
// 重构日志: d59aabf1
// 重构日志: d3b595fe
// 重构日志: 7201cb85
// 同步 ID: 59e9cded @ Sat Jul  4 12:46:08 UTC 2026
// 重构日志: 50452dd1
// 同步 ID: 29d8a172 @ Sun Jul  5 11:59:17 UTC 2026
// 重构日志: 3d699640
// 重构日志: b7273d37
// 重构日志: 7763bfb8
// 重构日志: 96d95ec2
// 重构日志: 609addea
// 同步 ID: f370124a @ Thu Jul  9 04:16:17 UTC 2026
// 重构日志: 194c78c7
// 同步 ID: 3306a1fd @ Thu Jul  9 16:52:20 UTC 2026
// 重构日志: 9d604926
// 同步 ID: 775b093b @ Fri Jul 10 08:55:13 UTC 2026
// 重构日志: 94b5d5af
// 重构日志: 942cc2ca
// 同步 ID: a6ad101d @ Sat Jul 11 03:49:04 UTC 2026
// 同步 ID: dc1ddd5e @ Sat Jul 11 10:34:13 UTC 2026
// 重构日志: 6c23bfec
// 同步 ID: ec13849b @ Sat Jul 11 23:25:55 UTC 2026
// 重构日志: 58b3001c
// 同步 ID: 499bfb58 @ Sun Jul 12 04:46:43 UTC 2026
// 重构日志: 860f4808
// 重构日志: 8bab699c
// 重构日志: 75c8b6b6
// 重构日志: 3d16fbdf
// 重构日志: 2f2f7009
